c:\prenos\sdl2_mixer-2.0.2\visualc\win32\debug\music_wav.obj
c:\prenos\sdl2_mixer-2.0.2\visualc\win32\debug\music_timidity.obj
c:\prenos\sdl2_mixer-2.0.2\visualc\win32\debug\music_smpeg.obj
c:\prenos\sdl2_mixer-2.0.2\visualc\win32\debug\music_ogg.obj
c:\prenos\sdl2_mixer-2.0.2\visualc\win32\debug\music_nativemidi.obj
c:\prenos\sdl2_mixer-2.0.2\visualc\win32\debug\music_mpg123.obj
c:\prenos\sdl2_mixer-2.0.2\visualc\win32\debug\music_modplug.obj
c:\prenos\sdl2_mixer-2.0.2\visualc\win32\debug\music_mikmod.obj
c:\prenos\sdl2_mixer-2.0.2\visualc\win32\debug\music_mad.obj
c:\prenos\sdl2_mixer-2.0.2\visualc\win32\debug\music_fluidsynth.obj
c:\prenos\sdl2_mixer-2.0.2\visualc\win32\debug\music_flac.obj
c:\prenos\sdl2_mixer-2.0.2\visualc\win32\debug\music_cmd.obj
c:\prenos\sdl2_mixer-2.0.2\visualc\win32\debug\music.obj
c:\prenos\sdl2_mixer-2.0.2\visualc\win32\debug\mixer.obj
c:\prenos\sdl2_mixer-2.0.2\visualc\win32\debug\load_voc.obj
c:\prenos\sdl2_mixer-2.0.2\visualc\win32\debug\load_aiff.obj
c:\prenos\sdl2_mixer-2.0.2\visualc\win32\debug\effect_stereoreverse.obj
c:\prenos\sdl2_mixer-2.0.2\visualc\win32\debug\effect_position.obj
c:\prenos\sdl2_mixer-2.0.2\visualc\win32\debug\effects_internal.obj
c:\prenos\sdl2_mixer-2.0.2\visualc\win32\debug\libflac-8.dll
c:\prenos\sdl2_mixer-2.0.2\visualc\win32\debug\libmodplug-1.dll
c:\prenos\sdl2_mixer-2.0.2\visualc\win32\debug\libogg-0.dll
c:\prenos\sdl2_mixer-2.0.2\visualc\win32\debug\libvorbis-0.dll
c:\prenos\sdl2_mixer-2.0.2\visualc\win32\debug\libvorbisfile-3.dll
c:\prenos\sdl2_mixer-2.0.2\visualc\win32\debug\license.flac.txt
c:\prenos\sdl2_mixer-2.0.2\visualc\win32\debug\license.modplug.txt
c:\prenos\sdl2_mixer-2.0.2\visualc\win32\debug\license.ogg-vorbis.txt
c:\prenos\sdl2_mixer-2.0.2\visualc\win32\debug\libmpg123-0.dll
c:\prenos\sdl2_mixer-2.0.2\visualc\win32\debug\license.mpg123.txt
c:\prenos\sdl2_mixer-2.0.2\visualc\win32\debug\sdl2_mixer.dll
c:\prenos\sdl2_mixer-2.0.2\visualc\win32\debug\sdl2_mixer.ilk
c:\prenos\sdl2_mixer-2.0.2\visualc\win32\debug\sdl2_mixer.pdb
c:\prenos\sdl2_mixer-2.0.2\visualc\win32\debug\version.res
c:\prenos\sdl2_mixer-2.0.2\visualc\win32\debug\sdl2_mixer.lib
c:\prenos\sdl2_mixer-2.0.2\visualc\win32\debug\sdl2_mixer.exp
c:\prenos\sdl2_mixer-2.0.2\visualc\win32\debug\playmus.ilk
c:\prenos\sdl2_mixer-2.0.2\visualc\win32\debug\playwave.ilk
c:\prenos\sdl2_mixer-2.0.2\visualc\win32\debug\playmus.pdb
c:\prenos\sdl2_mixer-2.0.2\visualc\win32\debug\playwave.pdb
c:\prenos\sdl2_mixer-2.0.2\visualc\\win32\debug\sdl2_mixer.pdb
c:\prenos\sdl2_mixer-2.0.2\visualc\\win32\debug\sdl2_mixer.dll
c:\prenos\sdl2_mixer-2.0.2\visualc\\win32\debug\sdl2_mixer.ilk
c:\prenos\sdl2_mixer-2.0.2\visualc\win32\debug\sdl2_mixer.tlog\cl.command.1.tlog
c:\prenos\sdl2_mixer-2.0.2\visualc\win32\debug\sdl2_mixer.tlog\cl.read.1.tlog
c:\prenos\sdl2_mixer-2.0.2\visualc\win32\debug\sdl2_mixer.tlog\cl.write.1.tlog
c:\prenos\sdl2_mixer-2.0.2\visualc\win32\debug\sdl2_mixer.tlog\custombuild.command.1.tlog
c:\prenos\sdl2_mixer-2.0.2\visualc\win32\debug\sdl2_mixer.tlog\custombuild.read.1.tlog
c:\prenos\sdl2_mixer-2.0.2\visualc\win32\debug\sdl2_mixer.tlog\custombuild.write.1.tlog
c:\prenos\sdl2_mixer-2.0.2\visualc\win32\debug\sdl2_mixer.tlog\link.command.1.tlog
c:\prenos\sdl2_mixer-2.0.2\visualc\win32\debug\sdl2_mixer.tlog\link.read.1.tlog
c:\prenos\sdl2_mixer-2.0.2\visualc\win32\debug\sdl2_mixer.tlog\link.write.1.tlog
c:\prenos\sdl2_mixer-2.0.2\visualc\win32\debug\sdl2_mixer.tlog\rc.command.1.tlog
c:\prenos\sdl2_mixer-2.0.2\visualc\win32\debug\sdl2_mixer.tlog\rc.read.1.tlog
c:\prenos\sdl2_mixer-2.0.2\visualc\win32\debug\sdl2_mixer.tlog\rc.write.1.tlog
c:\prenos\sdl2_mixer-2.0.2\visualc\win32\debug\sdl2_mixer.tlog\sdl2_mixer.write.1u.tlog
