c:\prenos\remc2\remc2\debug\remc2.pch.codeanalysis
c:\prenos\remc2\remc2\debug\vc141.pdb
c:\prenos\remc2\remc2\debug\vc141.idb
c:\prenos\remc2\remc2\debug\remc2.pch.codeanalysisast
c:\prenos\remc2\remc2\debug\stdafx.nativecodeanalysis.xml
c:\prenos\remc2\remc2\debug\stdafx.obj
c:\prenos\remc2\remc2\debug\remc2.pch
c:\prenos\remc2\remc2\debug\dirent.nativecodeanalysis.xml
c:\prenos\remc2\remc2\debug\dirent.obj
c:\prenos\remc2\remc2\debug\engine_support.nativecodeanalysis.xml
c:\prenos\remc2\remc2\debug\sub_main.nativecodeanalysis.xml
c:\prenos\remc2\remc2\debug\remc2.nativecodeanalysis.xml
c:\prenos\remc2\remc2\debug\remc2.obj
c:\prenos\remc2\remc2\debug\engine_support.obj
c:\prenos\remc2\remc2\debug\sub_main.obj
c:\prenos\remc2\debug\remc2.exe
c:\prenos\remc2\debug\remc2.ilk
c:\prenos\remc2\debug\remc2.pdb
c:\prenos\remc2\remc2\debug\nativecodeanalysis.read.1.tlog
c:\prenos\remc2\remc2\debug\vc.nativecodeanalysis.all.xml
c:\prenos\remc2\debug\remc2.exe.lastcodeanalysissucceeded
c:\prenos\remc2\remc2\debug\remc2.tlog\cl.command.1.tlog
c:\prenos\remc2\remc2\debug\remc2.tlog\cl.read.1.tlog
c:\prenos\remc2\remc2\debug\remc2.tlog\cl.write.1.tlog
c:\prenos\remc2\remc2\debug\remc2.tlog\link.command.1.tlog
c:\prenos\remc2\remc2\debug\remc2.tlog\link.read.1.tlog
c:\prenos\remc2\remc2\debug\remc2.tlog\link.write.1.tlog
