  cd-info.c
c:\prenos\remc2\libcdio\cd-info.c(54): fatal error C1083: Nejde otevřít soubor zahrnout: cdio_assert.h: No such file or directory
  cd-read.c
c:\prenos\remc2\libcdio\cd-read.c(153): warning C4013: strncmp nedefinované; předpokládá se extern vracející int.
c:\prenos\remc2\libcdio\cd-read.c(165): warning C4013: bsearch nedefinované; předpokládá se extern vracející int.
c:\prenos\remc2\libcdio\cd-read.c(172): warning C4013: strcmp nedefinované; předpokládá se extern vracející int.
c:\prenos\remc2\libcdio\cd-read.c(181): warning C4018: <: signed/unsigned – neshoda
c:\prenos\remc2\libcdio\cd-read.c(185): warning C4013: exit nedefinované; předpokládá se extern vracející int.
c:\prenos\remc2\libcdio\cd-read.c(164): warning C4047: inicializování: subopt_entry_t * se liší od: int úrovněmi indirekce.
c:\prenos\remc2\libcdio\cd-read.c(215): warning C4013: strdup nedefinované; předpokládá se extern vracející int.
c:\prenos\remc2\libcdio\cd-read.c(215): warning C4047: =: char * se liší od: int úrovněmi indirekce.
c:\prenos\remc2\libcdio\cd-read.c(314): warning C4013: strrchr nedefinované; předpokládá se extern vracející int.
c:\prenos\remc2\libcdio\cd-read.c(314): warning C4047: =: char * se liší od: int úrovněmi indirekce.
c:\prenos\remc2\libcdio\cd-read.c(315): warning C4047: =: char * se liší od: int úrovněmi indirekce.
c:\prenos\remc2\libcdio\cd-read.c(320): warning C4047: =: char * se liší od: int úrovněmi indirekce.
c:\prenos\remc2\libcdio\cd-read.c(321): warning C4013: atoi nedefinované; předpokládá se extern vracející int.
c:\prenos\remc2\libcdio\cd-read.c(332): warning C4047: =: char * se liší od: int úrovněmi indirekce.
c:\prenos\remc2\libcdio\cd-read.c(341): error C2065: VERSION: nedeklarovaný identifikátor
c:\prenos\remc2\libcdio\cd-read.c(341): warning C4047: funkce: const char * se liší od: int úrovněmi indirekce.
c:\prenos\remc2\libcdio\cd-read.c(341): warning C4024: print_version: Formální a skutečný parametr mají odlišné typy: 2.
c:\prenos\remc2\libcdio\cd-read.c(373): warning C4047: =: char * se liší od: int úrovněmi indirekce.
c:\prenos\remc2\libcdio\cd-read.c(458): warning C4013: free nedefinované; předpokládá se extern vracející int.
c:\prenos\remc2\libcdio\cd-read.c(507): error C2065: VERSION: nedeklarovaný identifikátor
c:\prenos\remc2\libcdio\cd-read.c(507): warning C4047: funkce: const char * se liší od: int úrovněmi indirekce.
c:\prenos\remc2\libcdio\cd-read.c(507): warning C4024: print_version: Formální a skutečný parametr mají odlišné typy: 2.
c:\prenos\remc2\libcdio\cd-read.c(518): warning C4013: open nedefinované; předpokládá se extern vracející int.
c:\prenos\remc2\libcdio\cd-read.c(518): error C2065: O_WRONLY: nedeklarovaný identifikátor
c:\prenos\remc2\libcdio\cd-read.c(518): error C2065: O_CREAT: nedeklarovaný identifikátor
c:\prenos\remc2\libcdio\cd-read.c(518): error C2065: O_TRUNC: nedeklarovaný identifikátor
c:\prenos\remc2\libcdio\cd-read.c(576): warning C4013: err_exit nedefinované; předpokládá se extern vracející int.
c:\prenos\remc2\libcdio\cd-read.c(590): warning C4013: fdopen_s nedefinované; předpokládá se extern vracející int.
c:\prenos\remc2\libcdio\cd-read.c(590): warning C4047: =: FILE * se liší od: int úrovněmi indirekce.
c:\prenos\remc2\libcdio\cd-read.c(597): warning C4013: write nedefinované; předpokládá se extern vracející int.
c:\prenos\remc2\libcdio\cd-read.c(606): warning C4013: close nedefinované; předpokládá se extern vracející int.
  cdinfo-linux.c
c:\prenos\remc2\libcdio\cdinfo-linux.c(31): fatal error C1083: Nejde otevřít soubor zahrnout: config.h: No such file or directory
  iso-info.c
c:\prenos\remc2\libcdio\iso-info.c(161): warning C4013: strrchr nedefinované; předpokládá se extern vracející int.
c:\prenos\remc2\libcdio\iso-info.c(161): warning C4047: =: char * se liší od: int úrovněmi indirekce.
c:\prenos\remc2\libcdio\iso-info.c(162): warning C4013: strdup nedefinované; předpokládá se extern vracející int.
c:\prenos\remc2\libcdio\iso-info.c(162): warning C4047: =: char * se liší od: int úrovněmi indirekce.
c:\prenos\remc2\libcdio\iso-info.c(167): warning C4013: atoi nedefinované; předpokládá se extern vracející int.
c:\prenos\remc2\libcdio\iso-info.c(169): warning C4013: free nedefinované; předpokládá se extern vracející int.
c:\prenos\remc2\libcdio\iso-info.c(170): warning C4047: =: char * se liší od: int úrovněmi indirekce.
c:\prenos\remc2\libcdio\iso-info.c(177): warning C4013: atoll nedefinované; předpokládá se extern vracející int.
c:\prenos\remc2\libcdio\iso-info.c(203): warning C4047: =: char * se liší od: int úrovněmi indirekce.
c:\prenos\remc2\libcdio\iso-info.c(209): warning C4013: exit nedefinované; předpokládá se extern vracející int.
c:\prenos\remc2\libcdio\iso-info.c(245): warning C4013: alloca nedefinované; předpokládá se extern vracející int.
c:\prenos\remc2\libcdio\iso-info.c(275): warning C4013: strlen nedefinované; předpokládá se extern vracející int.
c:\prenos\remc2\libcdio\iso-info.c(275): warning C4018: >=: signed/unsigned – neshoda
c:\prenos\remc2\libcdio\iso-info.c(289): warning C4013: strncat nedefinované; předpokládá se extern vracející int.
c:\prenos\remc2\libcdio\iso-info.c(292): warning C4013: strcmp nedefinované; předpokládá se extern vracející int.
c:\prenos\remc2\libcdio\iso-info.c(294): warning C4022: _cdio_list_append: neshoda ukazatelů pro skutečný parametr 2
c:\prenos\remc2\libcdio\iso-info.c(359): warning C4013: strftime_s nedefinované; předpokládá se extern vracející int.
c:\prenos\remc2\libcdio\iso-info.c(359): warning C4133: funkce: nekompatibilní typy – z: time_t * na: tm *const
c:\prenos\remc2\libcdio\iso-info.c(359): error C2198: localtime_s: moc malý počet argumentů pro volání
c:\prenos\remc2\libcdio\iso-info.c(382): warning C4013: calloc nedefinované; předpokládá se extern vracející int.
c:\prenos\remc2\libcdio\iso-info.c(382): warning C4047: inicializování: char * se liší od: int úrovněmi indirekce.
c:\prenos\remc2\libcdio\iso-info.c(469): warning C4013: err_exit nedefinované; předpokládá se extern vracející int.
  iso-read.c
c:\prenos\remc2\libcdio\iso-read.c(21): fatal error C1083: Nejde otevřít soubor zahrnout: portable.h: No such file or directory
  mmc-tool.c
c:\prenos\remc2\libcdio\mmc-tool.c(83): warning C4013: memcpy nedefinované; předpokládá se extern vracející int.
c:\prenos\remc2\libcdio\mmc-tool.c(160): warning C4013: atoi nedefinované; předpokládá se extern vracející int.
c:\prenos\remc2\libcdio\mmc-tool.c(178): warning C4013: strdup nedefinované; předpokládá se extern vracející int.
c:\prenos\remc2\libcdio\mmc-tool.c(178): warning C4047: =: char * se liší od: int úrovněmi indirekce.
c:\prenos\remc2\libcdio\mmc-tool.c(184): warning C4047: =: char * se liší od: int úrovněmi indirekce.
c:\prenos\remc2\libcdio\mmc-tool.c(213): error C2065: VERSION: nedeklarovaný identifikátor
c:\prenos\remc2\libcdio\mmc-tool.c(213): warning C4047: funkce: const char * se liší od: int úrovněmi indirekce.
c:\prenos\remc2\libcdio\mmc-tool.c(213): warning C4024: print_version: Formální a skutečný parametr mají odlišné typy: 2.
c:\prenos\remc2\libcdio\mmc-tool.c(236): warning C4047: =: char * se liší od: int úrovněmi indirekce.
c:\prenos\remc2\libcdio\mmc-tool.c(241): warning C4013: free nedefinované; předpokládá se extern vracející int.
c:\prenos\remc2\libcdio\mmc-tool.c(249): warning C4013: exit nedefinované; předpokládá se extern vracející int.
c:\prenos\remc2\libcdio\mmc-tool.c(268): warning C4013: strrchr nedefinované; předpokládá se extern vracející int.
c:\prenos\remc2\libcdio\mmc-tool.c(268): warning C4047: =: char * se liší od: int úrovněmi indirekce.
c:\prenos\remc2\libcdio\mmc-tool.c(269): warning C4047: =: char * se liší od: int úrovněmi indirekce.
c:\prenos\remc2\libcdio\mmc-tool.c(458): warning C4244: funkce: const long se převádí na uint16_t; může dojít ke ztrátě dat.
  util.c
c:\prenos\remc2\libcdio\util.c(46): warning C4013: free nedefinované; předpokládá se extern vracející int.
c:\prenos\remc2\libcdio\util.c(48): warning C4013: exit nedefinované; předpokládá se extern vracející int.
c:\prenos\remc2\libcdio\util.c(102): warning C4013: err_exit nedefinované; předpokládá se extern vracející int.
c:\prenos\remc2\libcdio\util.c(176): warning C4013: strlen nedefinované; předpokládá se extern vracející int.
c:\prenos\remc2\libcdio\util.c(178): warning C4013: strncmp nedefinované; předpokládá se extern vracející int.
c:\prenos\remc2\libcdio\util.c(179): warning C4013: strdup nedefinované; předpokládá se extern vracející int.
c:\prenos\remc2\libcdio\util.c(179): warning C4047: return: char * se liší od: int úrovněmi indirekce.
c:\prenos\remc2\libcdio\util.c(181): warning C4013: calloc nedefinované; předpokládá se extern vracející int.
c:\prenos\remc2\libcdio\util.c(351): warning C4013: memcpy nedefinované; předpokládá se extern vracející int.
c:\prenos\remc2\libcdio\util.c(467): warning C4013: va_start nedefinované; předpokládá se extern vracející int.
c:\prenos\remc2\libcdio\util.c(473): warning C4013: va_end nedefinované; předpokládá se extern vracející int.
  Generování kódu...
c:\prenos\remc2\libcdio\util.c(467): error C4700: používá se neinicializovaná lokální proměnná args
