C:\Program Files (x86)\Microsoft Visual Studio\2017\Community\Common7\IDE\VC\VCTargets\Microsoft.Cpp.Common.props(144,5): warning MSB4211: Probíhá první nastavení vlastnosti WindowsTargetPlatformVersion na určitou hodnotu. Tato vlastnost již však byla použita v C:\Program Files (x86)\Microsoft Visual Studio\2017\Community\Common7\IDE\VC\VCTargets\Microsoft.Cpp.WindowsSDK.props (29,5).
C:\Program Files (x86)\Microsoft Visual Studio\2017\Community\Common7\IDE\VC\VCTargets\Microsoft.Cpp.Common.props(144,5): warning MSB4211: Probíhá první nastavení vlastnosti WindowsTargetPlatformVersion na určitou hodnotu. Tato vlastnost již však byla použita v C:\Program Files (x86)\Microsoft Visual Studio\2017\Community\Common7\IDE\VC\VCTargets\Microsoft.Cpp.WindowsSDK.props (29,5).
  SDL_diskaudio.c
  SDL_dummyaudio.c
  SDL_audio.c
  SDL_audiocvt.c
  SDL_mixer.c
  SDL_mixer_MMX_VC.c
  SDL_wave.c
  SDL_dibaudio.c
  SDL_dx5audio.c
c:\prenos\remc2\sdl\src\audio\windx5\sdl_dx5audio.c(69): warning C4996: 'GetVersionExA': bylo deklarované jako zastaralé
  c:\program files (x86)\windows kits\8.1\include\um\sysinfoapi.h(433): note: viz deklarace: GetVersionExA
  SDL_cdrom.c
  SDL_syscdrom.c
  SDL_cpuinfo.c
  SDL_active.c
  SDL_events.c
  SDL_expose.c
  SDL_keyboard.c
  SDL_mouse.c
  SDL_quit.c
  SDL_resize.c
  SDL_rwops.c
c:\prenos\remc2\sdl\src\file\sdl_rwops.c(115): warning C4996: 'GetVersionExA': bylo deklarované jako zastaralé
  c:\program files (x86)\windows kits\8.1\include\um\sysinfoapi.h(433): note: viz deklarace: GetVersionExA
  Generování kódu...
  Kompilování...
  SDL_joystick.c
  SDL_mmjoystick.c
  SDL_sysloadso.c
  SDL.c
  SDL_error.c
  SDL_fatal.c
  SDL_getenv.c
  SDL_iconv.c
  SDL_malloc.c
  SDL_qsort.c
  SDL_stdlib.c
  SDL_string.c
  SDL_syscond.c
  SDL_thread.c
  SDL_sysmutex.c
  SDL_syssem.c
  SDL_systhread.c
  SDL_timer.c
  SDL_systimer.c
  SDL_nullevents.c
  Generování kódu...
  Kompilování...
  SDL_nullmouse.c
  SDL_nullvideo.c
  SDL_blit.c
  SDL_blit_0.c
  SDL_blit_1.c
  SDL_blit_A.c
  SDL_blit_N.c
  SDL_bmp.c
  SDL_cursor.c
  SDL_gamma.c
  SDL_pixels.c
  SDL_RLEaccel.c
  SDL_stretch.c
  SDL_surface.c
  SDL_video.c
  SDL_yuv.c
  SDL_yuv_sw.c
  SDL_sysevents.c
c:\prenos\remc2\sdl\src\video\wincommon\sdl_sysevents.c(826): warning C4996: 'GetVersionExA': bylo deklarované jako zastaralé
  c:\program files (x86)\windows kits\8.1\include\um\sysinfoapi.h(433): note: viz deklarace: GetVersionExA
  SDL_sysmouse.c
  SDL_syswm.c
  Generování kódu...
  Kompilování...
  SDL_wingl.c
  SDL_dibevents.c
  SDL_dibvideo.c
  SDL_dx5events.c
  SDL_dx5video.c
  SDL_dx5yuv.c
  Generování kódu...
C:\Program Files (x86)\Microsoft Visual Studio\2017\Community\Common7\IDE\VC\VCTargets\Microsoft.CppBuild.targets(1198,5): warning MSB8012: TargetPath(C:\prenos\remc2\sdl\VisualC\Debug\SDL.dll) neodpovídá hodnotě vlastnosti OutputFile (c:\prenos\remc2\sdl\VisualC\SDL\Debug\SDL.dll) objektu Linker. To může způsobit nesprávné sestavení projektu. Chcete-li to napravit, ověřte, zda hodnoty vlastností $(OutDir), $(TargetName) a $(TargetExt) odpovídají hodnotě určené ve vlastnosti %(Link.OutputFile).
SDL_diskaudio.obj : warning LNK4075: /EDITANDCONTINUE se ignoruje kvůli specifikaci /SAFESEH.
     Vytváří se knihovna C:\prenos\remc2\sdl\VisualC\Debug\SDL.lib a objekt C:\prenos\remc2\sdl\VisualC\Debug\SDL.exp.
  SDL.vcxproj -> C:\prenos\remc2\sdl\VisualC\Debug\SDL.dll
